<?xml version="1.0" encoding="UTF-8"?>
<!-- Generated by org.testng.reporters.JUnitReportReporter -->
<testsuite skipped="0" hostname="GIGANEW-PC" name="scripts.TestScript_03" tests="5" failures="0" timestamp="31 Mar 2018 04:35:32 GMT" time="22.150" errors="0">
  <testcase name="test_verifyMultipleUnSuccessfullLogins" time="8.529" classname="scripts.TestScript_03"/>
  <testcase name="test_verifyMultipleUnSuccessfullLogins" time="1.476" classname="scripts.TestScript_03"/>
  <testcase name="test_verifyMultipleUnSuccessfullLogins" time="0.525" classname="scripts.TestScript_03"/>
  <testcase name="test_verifyMultipleUnSuccessfullLogins" time="8.889" classname="scripts.TestScript_03"/>
  <testcase name="test_verifyMultipleUnSuccessfullLogins" time="2.731" classname="scripts.TestScript_03"/>
</testsuite> <!-- scripts.TestScript_03 -->
