<?xml version="1.0" encoding="UTF-8"?>
<!-- Generated by org.testng.reporters.JUnitReportReporter -->
<testsuite skipped="0" hostname="GIGANEW-PC" name="scripts.TestScript_05" tests="1" failures="0" timestamp="31 Mar 2018 06:50:20 GMT" time="0.010" errors="0">
  <testcase name="test_verify" time="0.010" classname="scripts.TestScript_05"/>
</testsuite> <!-- scripts.TestScript_05 -->
