<?xml version="1.0" encoding="UTF-8"?>
<!-- Generated by org.testng.reporters.JUnitReportReporter -->
<testsuite skipped="0" hostname="GIGANEW-PC" name="scripts.TestScript_01" tests="1" failures="0" timestamp="25 Mar 2018 07:05:18 GMT" time="19.267" errors="0">
  <testcase name="test_verifySuccessfullLogin" time="19.267" classname="scripts.TestScript_01"/>
</testsuite> <!-- scripts.TestScript_01 -->
