<?xml version="1.0" encoding="UTF-8"?>
<!-- Generated by org.testng.reporters.JUnitReportReporter -->
<testsuite skipped="0" hostname="GIGANEW-PC" name="scripts.TestScript_04" tests="1" failures="0" timestamp="01 Apr 2018 06:26:16 GMT" time="31.237" errors="0">
  <testcase name="test_verifyMultipleUnSuccessfullLogins_TestData" time="31.237" classname="scripts.TestScript_04"/>
</testsuite> <!-- scripts.TestScript_04 -->
